<?xml version="1.0" encoding="UTF-8"?>
<!-- Generated by org.testng.reporters.JUnitReportReporter -->
<testsuite hostname="Techcompiler-70" failures="0" tests="1" name="testCases.TC_002LoginTest" time="1.842" errors="0" timestamp="2024-08-26T14:25:50 IST" skipped="0">
  <testcase classname="testCases.TC_002LoginTest" name="verify_login" time="1.842"/>
</testsuite> <!-- testCases.TC_002LoginTest -->
